-- The C compiler identification is GNU 11.4.0
-- The CXX compiler identification is GNU 11.4.0
-- Detecting C compiler ABI info
-- Detecting C compiler ABI info - done
-- Check for working C compiler: /usr/bin/cc - skipped
-- Detecting C compile features
-- Detecting C compile features - done
-- Detecting CXX compiler ABI info
-- Detecting CXX compiler ABI info - done
-- Check for working CXX compiler: /usr/bin/c++ - skipped
-- Detecting CXX compile features
-- Detecting CXX compile features - done
-- Found ament_cmake: 1.3.11 (/opt/ros/humble/share/ament_cmake/cmake)
-- Found Python3: /usr/bin/python3 (found version "3.10.12") found components: Interpreter 
-- Override CMake install command with custom implementation using symlinks instead of copying resources
-- Found rclcpp: 16.0.12 (/opt/ros/humble/share/rclcpp/cmake)
-- Found rosidl_generator_c: 3.1.6 (/opt/ros/humble/share/rosidl_generator_c/cmake)
-- Found rosidl_adapter: 3.1.6 (/opt/ros/humble/share/rosidl_adapter/cmake)
-- Found rosidl_generator_cpp: 3.1.6 (/opt/ros/humble/share/rosidl_generator_cpp/cmake)
-- Using all available rosidl_typesupport_c: rosidl_typesupport_fastrtps_c;rosidl_typesupport_introspection_c
-- Using all available rosidl_typesupport_cpp: rosidl_typesupport_fastrtps_cpp;rosidl_typesupport_introspection_cpp
-- Found rmw_implementation_cmake: 6.1.2 (/opt/ros/humble/share/rmw_implementation_cmake/cmake)
-- Found rmw_fastrtps_cpp: 6.2.7 (/opt/ros/humble/share/rmw_fastrtps_cpp/cmake)
-- Found OpenSSL: /usr/lib/x86_64-linux-gnu/libcrypto.so (found version "3.0.2")  
-- Found FastRTPS: /opt/ros/humble/include  
-- Using RMW implementation 'rmw_fastrtps_cpp' as default
-- Looking for pthread.h
-- Looking for pthread.h - found
-- Performing Test CMAKE_HAVE_LIBC_PTHREAD
-- Performing Test CMAKE_HAVE_LIBC_PTHREAD - Success
-- Found Threads: TRUE  
-- Found px4_msgs: 2.0.1 (/home/lee/workspace/vrpn/install/px4_msgs/share/px4_msgs/cmake)
-- Found geometry_msgs: 4.9.0 (/opt/ros/humble/share/geometry_msgs/cmake)
-- Configuring done
-- Generating done
-- Build files have been written to: /home/lee/workspace/vrpn/build/mocap_px4_bridge
[ 50%] [32mBuilding CXX object CMakeFiles/mocap_px4_bridge.dir/src/mocap_px4_bridge.cpp.o[0m
[01m[K/home/lee/workspace/vrpn/vrpn2px4/src/mocap_px4_bridge/src/mocap_px4_bridge.cpp:[m[K In constructor â€˜[01m[KMocapPX4Bridge::MocapPX4Bridge()[m[Kâ€™:
[01m[K/home/lee/workspace/vrpn/vrpn2px4/src/mocap_px4_bridge/src/mocap_px4_bridge.cpp:42:91:[m[K [01;31m[Kerror: [m[Kâ€˜[01m[Kmocap_topic[m[Kâ€™ was not declared in this scope; did you mean â€˜[01m[KMAV5_mocap_topic[m[Kâ€™?
   42 |      MAV1_poseSub = this->create_subscription<geometry_msgs::msg::PoseStamped>([01;31m[Kmocap_topic[m[K, 10, std::bind(&MocapPX4Bridge::MAV1_poseCallback, this, _1));
      |                                                                                [01;31m[K^~~~~~~~~~~[m[K
      |                                                                                [32m[KMAV5_mocap_topic[m[K
[01m[K/home/lee/workspace/vrpn/vrpn2px4/src/mocap_px4_bridge/src/mocap_px4_bridge.cpp:45:87:[m[K [01;31m[Kerror: [m[Kâ€˜[01m[Kpx4_topic[m[Kâ€™ was not declared in this scope
   45 |          MAV1_odomPub = this->create_publisher<px4_msgs::msg::VehicleOdometry>([01;31m[Kpx4_topic[m[K, 10);
      |                                                                                [01;31m[K^~~~~~~~~[m[K

[01m[K/home/lee/workspace/vrpn/vrpn2px4/src/mocap_px4_bridge/src/mocap_px4_bridge.cpp:[m[K In member function â€˜[01m[Kvoid MocapPX4Bridge::MAV1_poseCallback(geometry_msgs::msg::PoseStamped_<std::allocator<void> >::UniquePtr)[m[Kâ€™:
[01m[K/home/lee/workspace/vrpn/vrpn2px4/src/mocap_px4_bridge/src/mocap_px4_bridge.cpp:76:9:[m[K [01;31m[Kerror: [m[Kâ€˜[01m[KMAV1_odomPubodomPub[m[Kâ€™ was not declared in this scope; did you mean â€˜[01m[KMAV1_odomPub[m[Kâ€™?
   76 |         [01;31m[KMAV1_odomPubodomPub[m[K -> publish(MAV1_odomMsg);
      |         [01;31m[K^~~~~~~~~~~~~~~~~~~[m[K
      |         [32m[KMAV1_odomPub[m[K
gmake[2]: *** [CMakeFiles/mocap_px4_bridge.dir/build.make:76: CMakeFiles/mocap_px4_bridge.dir/src/mocap_px4_bridge.cpp.o] Error 1
gmake[1]: *** [CMakeFiles/Makefile2:137: CMakeFiles/mocap_px4_bridge.dir/all] Error 2
gmake: *** [Makefile:146: all] Error 2
