[0.006s] Invoking command in '/home/lee/workspace/vrpn/build/mocap_px4_bridge': AMENT_PREFIX_PATH=/home/lee/workspace/vrpn/install/px4_msgs:${AMENT_PREFIX_PATH} CMAKE_PREFIX_PATH=/home/lee/workspace/vrpn/install/px4_msgs:/home/lee/workspace/ros2_ex/install/sensor:/home/lee/workspace/ros2_ex/install/ground:/home/lee/workspace/ros2_ex/install/MAV1:/home/lee/workspace/ros2_ex/install/px4_msgs:/opt/ros/humble LD_LIBRARY_PATH=/home/lee/workspace/vrpn/install/px4_msgs/lib:${LD_LIBRARY_PATH} PYTHONPATH=/home/lee/workspace/vrpn/install/px4_msgs/local/lib/python3.10/dist-packages:${PYTHONPATH} /usr/bin/cmake /home/lee/workspace/vrpn/vrpn2px4/src/mocap_px4_bridge -DAMENT_CMAKE_SYMLINK_INSTALL=1 -DCMAKE_INSTALL_PREFIX=/home/lee/workspace/vrpn/install/mocap_px4_bridge
[0.035s] -- The C compiler identification is GNU 11.4.0
[0.064s] -- The CXX compiler identification is GNU 11.4.0
[0.067s] -- Detecting C compiler ABI info
[0.103s] -- Detecting C compiler ABI info - done
[0.106s] -- Check for working C compiler: /usr/bin/cc - skipped
[0.106s] -- Detecting C compile features
[0.106s] -- Detecting C compile features - done
[0.108s] -- Detecting CXX compiler ABI info
[0.152s] -- Detecting CXX compiler ABI info - done
[0.156s] -- Check for working CXX compiler: /usr/bin/c++ - skipped
[0.156s] -- Detecting CXX compile features
[0.156s] -- Detecting CXX compile features - done
[0.157s] -- Found ament_cmake: 1.3.11 (/opt/ros/humble/share/ament_cmake/cmake)
[0.331s] -- Found Python3: /usr/bin/python3 (found version "3.10.12") found components: Interpreter 
[0.367s] -- Override CMake install command with custom implementation using symlinks instead of copying resources
[0.379s] -- Found rclcpp: 16.0.12 (/opt/ros/humble/share/rclcpp/cmake)
[0.399s] -- Found rosidl_generator_c: 3.1.6 (/opt/ros/humble/share/rosidl_generator_c/cmake)
[0.401s] -- Found rosidl_adapter: 3.1.6 (/opt/ros/humble/share/rosidl_adapter/cmake)
[0.404s] -- Found rosidl_generator_cpp: 3.1.6 (/opt/ros/humble/share/rosidl_generator_cpp/cmake)
[0.410s] -- Using all available rosidl_typesupport_c: rosidl_typesupport_fastrtps_c;rosidl_typesupport_introspection_c
[0.416s] -- Using all available rosidl_typesupport_cpp: rosidl_typesupport_fastrtps_cpp;rosidl_typesupport_introspection_cpp
[0.435s] -- Found rmw_implementation_cmake: 6.1.2 (/opt/ros/humble/share/rmw_implementation_cmake/cmake)
[0.436s] -- Found rmw_fastrtps_cpp: 6.2.7 (/opt/ros/humble/share/rmw_fastrtps_cpp/cmake)
[0.484s] -- Found OpenSSL: /usr/lib/x86_64-linux-gnu/libcrypto.so (found version "3.0.2")  
[0.497s] -- Found FastRTPS: /opt/ros/humble/include  
[0.516s] -- Using RMW implementation 'rmw_fastrtps_cpp' as default
[0.520s] -- Looking for pthread.h
[0.560s] -- Looking for pthread.h - found
[0.561s] -- Performing Test CMAKE_HAVE_LIBC_PTHREAD
[0.602s] -- Performing Test CMAKE_HAVE_LIBC_PTHREAD - Success
[0.602s] -- Found Threads: TRUE  
[0.624s] -- Found px4_msgs: 2.0.1 (/home/lee/workspace/vrpn/install/px4_msgs/share/px4_msgs/cmake)
[0.629s] -- Found geometry_msgs: 4.9.0 (/opt/ros/humble/share/geometry_msgs/cmake)
[0.669s] -- Configuring done
[0.672s] -- Generating done
[0.674s] -- Build files have been written to: /home/lee/workspace/vrpn/build/mocap_px4_bridge
[0.679s] Invoked command in '/home/lee/workspace/vrpn/build/mocap_px4_bridge' returned '0': AMENT_PREFIX_PATH=/home/lee/workspace/vrpn/install/px4_msgs:${AMENT_PREFIX_PATH} CMAKE_PREFIX_PATH=/home/lee/workspace/vrpn/install/px4_msgs:/home/lee/workspace/ros2_ex/install/sensor:/home/lee/workspace/ros2_ex/install/ground:/home/lee/workspace/ros2_ex/install/MAV1:/home/lee/workspace/ros2_ex/install/px4_msgs:/opt/ros/humble LD_LIBRARY_PATH=/home/lee/workspace/vrpn/install/px4_msgs/lib:${LD_LIBRARY_PATH} PYTHONPATH=/home/lee/workspace/vrpn/install/px4_msgs/local/lib/python3.10/dist-packages:${PYTHONPATH} /usr/bin/cmake /home/lee/workspace/vrpn/vrpn2px4/src/mocap_px4_bridge -DAMENT_CMAKE_SYMLINK_INSTALL=1 -DCMAKE_INSTALL_PREFIX=/home/lee/workspace/vrpn/install/mocap_px4_bridge
[0.679s] Invoking command in '/home/lee/workspace/vrpn/build/mocap_px4_bridge': AMENT_PREFIX_PATH=/home/lee/workspace/vrpn/install/px4_msgs:${AMENT_PREFIX_PATH} CMAKE_PREFIX_PATH=/home/lee/workspace/vrpn/install/px4_msgs:/home/lee/workspace/ros2_ex/install/sensor:/home/lee/workspace/ros2_ex/install/ground:/home/lee/workspace/ros2_ex/install/MAV1:/home/lee/workspace/ros2_ex/install/px4_msgs:/opt/ros/humble LD_LIBRARY_PATH=/home/lee/workspace/vrpn/install/px4_msgs/lib:${LD_LIBRARY_PATH} PYTHONPATH=/home/lee/workspace/vrpn/install/px4_msgs/local/lib/python3.10/dist-packages:${PYTHONPATH} /usr/bin/cmake --build /home/lee/workspace/vrpn/build/mocap_px4_bridge -- -j32 -l32
[0.708s] [ 50%] [32mBuilding CXX object CMakeFiles/mocap_px4_bridge.dir/src/mocap_px4_bridge.cpp.o[0m
[1.624s] [01m[K/home/lee/workspace/vrpn/vrpn2px4/src/mocap_px4_bridge/src/mocap_px4_bridge.cpp:[m[K In constructor â€˜[01m[KMocapPX4Bridge::MocapPX4Bridge()[m[Kâ€™:
[1.624s] [01m[K/home/lee/workspace/vrpn/vrpn2px4/src/mocap_px4_bridge/src/mocap_px4_bridge.cpp:42:91:[m[K [01;31m[Kerror: [m[Kâ€˜[01m[Kmocap_topic[m[Kâ€™ was not declared in this scope; did you mean â€˜[01m[KMAV5_mocap_topic[m[Kâ€™?
[1.624s]    42 |      MAV1_poseSub = this->create_subscription<geometry_msgs::msg::PoseStamped>([01;31m[Kmocap_topic[m[K, 10, std::bind(&MocapPX4Bridge::MAV1_poseCallback, this, _1));
[1.624s]       |                                                                                [01;31m[K^~~~~~~~~~~[m[K
[1.624s]       |                                                                                [32m[KMAV5_mocap_topic[m[K
[1.629s] [01m[K/home/lee/workspace/vrpn/vrpn2px4/src/mocap_px4_bridge/src/mocap_px4_bridge.cpp:45:87:[m[K [01;31m[Kerror: [m[Kâ€˜[01m[Kpx4_topic[m[Kâ€™ was not declared in this scope
[1.629s]    45 |          MAV1_odomPub = this->create_publisher<px4_msgs::msg::VehicleOdometry>([01;31m[Kpx4_topic[m[K, 10);
[1.629s]       |                                                                                [01;31m[K^~~~~~~~~[m[K
[1.629s] 
[1.636s] [01m[K/home/lee/workspace/vrpn/vrpn2px4/src/mocap_px4_bridge/src/mocap_px4_bridge.cpp:[m[K In member function â€˜[01m[Kvoid MocapPX4Bridge::MAV1_poseCallback(geometry_msgs::msg::PoseStamped_<std::allocator<void> >::UniquePtr)[m[Kâ€™:
[1.636s] [01m[K/home/lee/workspace/vrpn/vrpn2px4/src/mocap_px4_bridge/src/mocap_px4_bridge.cpp:76:9:[m[K [01;31m[Kerror: [m[Kâ€˜[01m[KMAV1_odomPubodomPub[m[Kâ€™ was not declared in this scope; did you mean â€˜[01m[KMAV1_odomPub[m[Kâ€™?
[1.636s]    76 |         [01;31m[KMAV1_odomPubodomPub[m[K -> publish(MAV1_odomMsg);
[1.636s]       |         [01;31m[K^~~~~~~~~~~~~~~~~~~[m[K
[1.636s]       |         [32m[KMAV1_odomPub[m[K
[1.821s] gmake[2]: *** [CMakeFiles/mocap_px4_bridge.dir/build.make:76: CMakeFiles/mocap_px4_bridge.dir/src/mocap_px4_bridge.cpp.o] Error 1
[1.821s] gmake[1]: *** [CMakeFiles/Makefile2:137: CMakeFiles/mocap_px4_bridge.dir/all] Error 2
[1.821s] gmake: *** [Makefile:146: all] Error 2
[1.823s] Invoked command in '/home/lee/workspace/vrpn/build/mocap_px4_bridge' returned '2': AMENT_PREFIX_PATH=/home/lee/workspace/vrpn/install/px4_msgs:${AMENT_PREFIX_PATH} CMAKE_PREFIX_PATH=/home/lee/workspace/vrpn/install/px4_msgs:/home/lee/workspace/ros2_ex/install/sensor:/home/lee/workspace/ros2_ex/install/ground:/home/lee/workspace/ros2_ex/install/MAV1:/home/lee/workspace/ros2_ex/install/px4_msgs:/opt/ros/humble LD_LIBRARY_PATH=/home/lee/workspace/vrpn/install/px4_msgs/lib:${LD_LIBRARY_PATH} PYTHONPATH=/home/lee/workspace/vrpn/install/px4_msgs/local/lib/python3.10/dist-packages:${PYTHONPATH} /usr/bin/cmake --build /home/lee/workspace/vrpn/build/mocap_px4_bridge -- -j32 -l32
